<?xml version="1.0" encoding="UTF-8"?>
<!-- Generated by org.testng.reporters.JUnitReportReporter -->
<testsuite skipped="0" hostname="DESKTOP-APKP2PU" name="com.demotest.testRunner.TestRunner" tests="4" failures="0" timestamp="31 May 2020 18:44:26 GMT" time="0.386" errors="4">
  <testcase name="feature" time="0.009" classname="com.demotest.testRunner.TestRunner">
    <error type="java.io.FileNotFoundException" message="C:\Users\Chandan Ghosh\eclipse-workspace\CucumberLearning\src\test\resources\Config\${env}.properties (The system cannot find the file specified)">
      <![CDATA[java.io.FileNotFoundException: C:\Users\Chandan Ghosh\eclipse-workspace\CucumberLearning\src\test\resources\Config\${env}.properties (The system cannot find the file specified)
at java.io.FileInputStream.open0(Native Method)
at java.io.FileInputStream.open(FileInputStream.java:195)
at java.io.FileInputStream.<init>(FileInputStream.java:138)
at java.io.FileInputStream.<init>(FileInputStream.java:93)
at com.testdemo.Utils.PropertiesFileReader.ConfigFileReader(PropertiesFileReader.java:15)
at com.testdemo.stepdefinition.LoginSteps.user_open_the_browser_and_entered_the_URL(LoginSteps.java:36)
at ✽.User open the browser and entered the URL(src/test/resources/Features/login.feature:6)
]]>
    </error>
  </testcase> <!-- feature -->
  <testcase name="feature" time="0.019" classname="com.demotest.testRunner.TestRunner">
    <error type="java.io.FileNotFoundException" message="C:\Users\Chandan Ghosh\eclipse-workspace\CucumberLearning\src\test\resources\Config\${env}.properties (The system cannot find the file specified)">
      <![CDATA[java.io.FileNotFoundException: C:\Users\Chandan Ghosh\eclipse-workspace\CucumberLearning\src\test\resources\Config\${env}.properties (The system cannot find the file specified)
at java.io.FileInputStream.open0(Native Method)
at java.io.FileInputStream.open(FileInputStream.java:195)
at java.io.FileInputStream.<init>(FileInputStream.java:138)
at java.io.FileInputStream.<init>(FileInputStream.java:93)
at com.testdemo.Utils.PropertiesFileReader.ConfigFileReader(PropertiesFileReader.java:15)
at com.testdemo.stepdefinition.LoginSteps.user_open_the_browser_and_entered_the_URL(LoginSteps.java:36)
at ✽.User open the browser and entered the URL(src/test/resources/Features/registration.feature:6)
]]>
    </error>
  </testcase> <!-- feature -->
  <testcase name="feature" time="0.007" classname="com.demotest.testRunner.TestRunner">
    <error type="java.io.FileNotFoundException" message="C:\Users\Chandan Ghosh\eclipse-workspace\CucumberLearning\src\test\resources\Config\${env}.properties (The system cannot find the file specified)">
      <![CDATA[java.io.FileNotFoundException: C:\Users\Chandan Ghosh\eclipse-workspace\CucumberLearning\src\test\resources\Config\${env}.properties (The system cannot find the file specified)
at java.io.FileInputStream.open0(Native Method)
at java.io.FileInputStream.open(FileInputStream.java:195)
at java.io.FileInputStream.<init>(FileInputStream.java:138)
at java.io.FileInputStream.<init>(FileInputStream.java:93)
at com.testdemo.Utils.PropertiesFileReader.ConfigFileReader(PropertiesFileReader.java:15)
at com.testdemo.stepdefinition.LoginSteps.user_open_the_browser_and_entered_the_URL(LoginSteps.java:36)
at ✽.User open the browser and entered the URL(src/test/resources/Features/login.feature:16)
]]>
    </error>
  </testcase> <!-- feature -->
  <testcase name="feature" time="0.351" classname="com.demotest.testRunner.TestRunner">
    <error type="java.io.FileNotFoundException" message="C:\Users\Chandan Ghosh\eclipse-workspace\CucumberLearning\src\test\resources\Config\${env}.properties (The system cannot find the file specified)">
      <![CDATA[java.io.FileNotFoundException: C:\Users\Chandan Ghosh\eclipse-workspace\CucumberLearning\src\test\resources\Config\${env}.properties (The system cannot find the file specified)
at java.io.FileInputStream.open0(Native Method)
at java.io.FileInputStream.open(FileInputStream.java:195)
at java.io.FileInputStream.<init>(FileInputStream.java:138)
at java.io.FileInputStream.<init>(FileInputStream.java:93)
at com.testdemo.Utils.PropertiesFileReader.ConfigFileReader(PropertiesFileReader.java:15)
at com.testdemo.stepdefinition.LoginSteps.user_open_the_browser_and_entered_the_URL(LoginSteps.java:36)
at ✽.User open the browser and entered the URL(src/test/resources/Features/e2eshopping.feature:6)
]]>
    </error>
  </testcase> <!-- feature -->
</testsuite> <!-- com.demotest.testRunner.TestRunner -->
