<?xml version="1.0" encoding="UTF-8"?>
<!-- Generated by org.testng.reporters.JUnitReportReporter -->
<testsuite skipped="1" hostname="DESKTOP-APKP2PU" name="com.demotest.testRunner.TestRunner1$TestRunner_LoginPage"
           tests="1" failures="0" timestamp="03 Mar 2020 14:43:04 GMT" time="0.135" errors="0">
    <testcase name="feature" time="0.135" classname="com.demotest.testRunner.TestRunner1$TestRunner_LoginPage">
        <skipped/>
    </testcase> <!-- feature -->
</testsuite> <!-- com.demotest.testRunner.TestRunner1$TestRunner_LoginPage -->
