<?xml version="1.0" encoding="UTF-8"?>
<!-- Generated by org.testng.reporters.JUnitReportReporter -->
<testsuite skipped="0" hostname="DESKTOP-APKP2PU" name="com.demotest.testRunner.TestRunner1" tests="1" failures="0"
           timestamp="05 Mar 2020 10:01:26 GMT" time="18.509" errors="0">
    <testcase name="feature" time="18.509" classname="com.demotest.testRunner.TestRunner1"/>
</testsuite> <!-- com.demotest.testRunner.TestRunner1 -->
