<?xml version="1.0" encoding="UTF-8"?>
<!-- Generated by org.testng.reporters.JUnitReportReporter -->
<testsuite skipped="0" hostname="DESKTOP-APKP2PU" name="com.demotest.testRunner.TestRunner" tests="2" failures="0" timestamp="31 May 2020 20:16:46 GMT" time="29.488" errors="0">
  <testcase name="feature" time="11.096" classname="com.demotest.testRunner.TestRunner"/>
  <testcase name="feature" time="18.392" classname="com.demotest.testRunner.TestRunner"/>
</testsuite> <!-- com.demotest.testRunner.TestRunner -->
